[debug] > Exec(early(addDefaultCommands), None, None)
[debug] > Exec(addDefaultCommands, None, None)
[debug] > Exec(early(initialize), None, None)
[debug] > Exec(initialize, None, None)
[debug] > Exec(early(addPluginSbtFile="""C:\Users\49022\AppData\Local\Temp\idea10152.sbt"""), None, None)
[debug] > Exec(addPluginSbtFile="""C:\Users\49022\AppData\Local\Temp\idea10152.sbt""", None, None)
[debug] > Exec(boot, None, None)
[debug] > Exec(writeSbtVersion, None, None)
[debug] > Exec(reload, None, None)
[debug] > Exec(sbtStashOnFailure, None, None)
[debug] > Exec(onFailure loadFailed, None, None)
[debug] > Exec(loadp, None, None)
[info] welcome to sbt 1.10.0 (Oracle Corporation Java 23.0.1)
[debug]       Load.loadUnit: plugins took 68.9998ms
[debug]       Load.loadUnit: defsScala took 0.1329ms
[debug] [Loading] Scanning directory C:\Users\49022\.sbt\1.0\plugins
[debug] [Loading] Found non-root projects 
[debug] [Loading] Done in C:\Users\49022\.sbt\1.0\plugins, returning: ()
[debug] deducing auto plugins based on known facts Set(Atom(sbt.plugins.CorePlugin)) and clauses Clauses(Clause(Atom(sbt.plugins.JvmPlugin),Set(Atom(sbt.plugins.IvyPlugin)))
[debug] Clause(Atom(sbt.ScriptedPlugin),Set(Atom(sbt.plugins.JvmPlugin)))
[debug] Clause(Atom(sbt.plugins.SbtPlugin),Set(Atom(sbt.ScriptedPlugin)))
[debug] Clause(Atom(sbt.plugins.SemanticdbPlugin),Set(Atom(sbt.plugins.JvmPlugin)))
[debug] Clause(Atom(sbt.plugins.JUnitXmlReportPlugin),Set(Atom(sbt.plugins.JvmPlugin)))
[debug] Clause(Atom(sbt.plugins.MiniDependencyTreePlugin),Set(Atom(sbt.plugins.JvmPlugin)))
[debug] Clause(Atom(sbt.plugins.CorePlugin),Set(Atom(sbt.plugins.IvyPlugin)))
[debug] Clause(Atom(sbt.plugins.IvyPlugin),Set(Atom(sbt.plugins.JvmPlugin)))
[debug] Clause(Atom(sbt.plugins.JvmPlugin),Set(Atom(sbt.plugins.SemanticdbPlugin)))
[debug] Clause(Atom(sbt.plugins.JvmPlugin),Set(Atom(sbt.plugins.JUnitXmlReportPlugin)))
[debug] Clause(Atom(sbt.plugins.CorePlugin),Set(Atom(sbt.plugins.Giter8TemplatePlugin)))
[debug] Clause(Atom(sbt.plugins.JvmPlugin),Set(Atom(sbt.plugins.MiniDependencyTreePlugin))))
[debug]   :: deduced result: Matched(sbt.plugins.CorePlugin,sbt.plugins.Giter8TemplatePlugin,sbt.plugins.IvyPlugin,sbt.plugins.JvmPlugin,sbt.plugins.MiniDependencyTreePlugin,sbt.plugins.JUnitXmlReportPlugin,sbt.plugins.SemanticdbPlugin)
[debug] Plugins.deducer#function took 10.5575 ms
[debug]           Load.resolveProject(global-plugins) took 20.2367ms
[debug]         Load.loadTransitive: finalizeProject(Project(id global-plugins, base: C:\Users\49022\.sbt\1.0\plugins, plugins: List(<none>))) took 41.4315ms
[debug] [Loading] Done in C:\Users\49022\.sbt\1.0\plugins, returning: (global-plugins)
[debug]       Load.loadUnit: loadedProjectsRaw took 52.2025ms
[debug]       Load.loadUnit: cleanEvalClasses took 0.1013ms
[debug]     Load.loadUnit(file:/C:/Users/49022/.sbt/1.0/plugins/, ...) took 125.6732ms
[debug]   Load.apply: load took 287.6455ms
[debug]   Load.apply: resolveProjects took 6.6839ms
[debug]   Load.apply: finalTransforms took 43.2444ms
[debug]   Load.apply: config.delegates took 9.6478ms
[debug]   Load.apply: Def.make(settings)... took 457.6436ms
[debug]   Load.apply: structureIndex took 121.5914ms
[debug]   Load.apply: mkStreams took 3.848ms
[info] loading global plugins from C:\Users\49022\.sbt\1.0\plugins
[debug] Running task... Cancel: Signal, check cycles: false, forcegc: true
[debug] Load.defaultLoad until apply took 1901.0093ms
[debug]           Load.loadUnit: plugins took 21.0027ms
[debug]           Load.loadUnit: defsScala took 0.0022ms
[debug] [Loading] Scanning directory C:\G400\Individual project\OBDD-Visualization\project
[debug]             Load.loadUnit: mkEval took 3.0411ms
[debug] [Loading] Found non-root projects 
[debug] [Loading] Done in C:\G400\Individual project\OBDD-Visualization\project, returning: ()
[debug] deducing auto plugins based on known facts Set(Atom(sbt.plugins.CorePlugin)) and clauses Clauses(Clause(Atom(sbt.plugins.JvmPlugin),Set(Atom(sbt.plugins.IvyPlugin)))
[debug] Clause(Atom(sbt.ScriptedPlugin),Set(Atom(sbt.plugins.JvmPlugin)))
[debug] Clause(Atom(sbt.plugins.SbtPlugin),Set(Atom(sbt.ScriptedPlugin)))
[debug] Clause(Atom(sbt.plugins.SemanticdbPlugin),Set(Atom(sbt.plugins.JvmPlugin)))
[debug] Clause(Atom(sbt.plugins.JUnitXmlReportPlugin),Set(Atom(sbt.plugins.JvmPlugin)))
[debug] Clause(Atom(sbt.plugins.MiniDependencyTreePlugin),Set(Atom(sbt.plugins.JvmPlugin)))
[debug] Clause(Atom(sbt.plugins.CorePlugin),Set(Atom(sbt.plugins.IvyPlugin)))
[debug] Clause(Atom(sbt.plugins.IvyPlugin),Set(Atom(sbt.plugins.JvmPlugin)))
[debug] Clause(Atom(sbt.plugins.JvmPlugin),Set(Atom(sbt.plugins.SemanticdbPlugin)))
[debug] Clause(Atom(sbt.plugins.JvmPlugin),Set(Atom(sbt.plugins.JUnitXmlReportPlugin)))
[debug] Clause(Atom(sbt.plugins.CorePlugin),Set(Atom(sbt.plugins.Giter8TemplatePlugin)))
[debug] Clause(Atom(sbt.plugins.JvmPlugin),Set(Atom(sbt.plugins.MiniDependencyTreePlugin))))
[debug]   :: deduced result: Matched(sbt.plugins.CorePlugin,sbt.plugins.Giter8TemplatePlugin,sbt.plugins.IvyPlugin,sbt.plugins.JvmPlugin,sbt.plugins.MiniDependencyTreePlugin,sbt.plugins.JUnitXmlReportPlugin,sbt.plugins.SemanticdbPlugin)
[debug] Plugins.deducer#function took 1.676 ms
[info] loading settings for project obdd-visualization-build from plugins.sbt,idea10152.sbt ...
[debug]               Load.resolveProject(obdd-visualization-build) took 1.6376ms
[debug]             Load.loadTransitive: finalizeProject(Project(id obdd-visualization-build, base: C:\G400\Individual project\OBDD-Visualization\project, plugins: List(<none>))) took 3.7078ms
[debug] [Loading] Done in C:\G400\Individual project\OBDD-Visualization\project, returning: (obdd-visualization-build)
[debug]           Load.loadUnit: loadedProjectsRaw took 83.3697ms
[debug]           Load.loadUnit: cleanEvalClasses took 4.1562ms
[debug]         Load.loadUnit(file:/C:/G400/Individual%20project/OBDD-Visualization/project/, ...) took 109.1194ms
[debug]       Load.apply: load took 110.4197ms
[debug]       Load.apply: resolveProjects took 0.0801ms
[debug]       Load.apply: finalTransforms took 9.0769ms
[debug]       Load.apply: config.delegates took 0.3043ms
[debug]       Load.apply: Def.make(settings)... took 44.9802ms
[debug]       Load.apply: structureIndex took 14.8423ms
[debug]       Load.apply: mkStreams took 0.0018ms
[info] loading project definition from C:\G400\Individual project\OBDD-Visualization\project
[debug] Running task... Cancel: Signal, check cycles: false, forcegc: true
[debug]     Load.loadUnit: plugins took 345.5273ms
[debug]     Load.loadUnit: defsScala took 0.0019ms
[debug] [Loading] Scanning directory C:\G400\Individual project\OBDD-Visualization
[debug]       Load.loadUnit: mkEval took 0.2252ms
[debug] [Loading] Found root project root w/ remaining 
[debug] deducing auto plugins based on known facts Set(Atom(sbt.plugins.CorePlugin)) and clauses Clauses(Clause(Atom(sbt.plugins.JvmPlugin),Set(Atom(sbt.plugins.IvyPlugin)))
[debug] Clause(Atom(sbt.ScriptedPlugin),Set(Atom(sbt.plugins.JvmPlugin)))
[debug] Clause(Atom(sbt.plugins.SbtPlugin),Set(Atom(sbt.ScriptedPlugin)))
[debug] Clause(Atom(sbt.plugins.SemanticdbPlugin),Set(Atom(sbt.plugins.JvmPlugin)))
[debug] Clause(Atom(sbt.plugins.JUnitXmlReportPlugin),Set(Atom(sbt.plugins.JvmPlugin)))
[debug] Clause(Atom(sbt.plugins.MiniDependencyTreePlugin),Set(Atom(sbt.plugins.JvmPlugin)))
[debug] Clause(Atom(org.jetbrains.sbt.GenerateAllManagedSourcesPlugin),Set(Atom(sbt.plugins.JvmPlugin)))
[debug] Clause(Atom(org.jetbrains.sbt.StructurePlugin),Set(Atom(sbt.plugins.JvmPlugin)))
[debug] Clause(Atom(org.jetbrains.sbt.IdeaShellPlugin),Set(Atom(sbt.plugins.JvmPlugin)))
[debug] Clause(Atom(sbt.plugins.CorePlugin),Set(Atom(sbt.plugins.IvyPlugin)))
[debug] Clause(Atom(sbt.plugins.IvyPlugin),Set(Atom(sbt.plugins.JvmPlugin)))
[debug] Clause(Atom(sbt.plugins.JvmPlugin),Set(Atom(sbt.plugins.SemanticdbPlugin)))
[debug] Clause(Atom(sbt.plugins.JvmPlugin),Set(Atom(sbt.plugins.JUnitXmlReportPlugin)))
[debug] Clause(Atom(sbt.plugins.CorePlugin),Set(Atom(sbt.plugins.Giter8TemplatePlugin)))
[debug] Clause(Atom(sbt.plugins.JvmPlugin),Set(Atom(sbt.plugins.MiniDependencyTreePlugin)))
[debug] Clause(Atom(sbt.plugins.JvmPlugin),Set(Atom(org.jetbrains.sbt.GenerateAllManagedSourcesPlugin)))
[debug] Clause(Atom(sbt.plugins.JvmPlugin),Set(Atom(org.jetbrains.sbt.StructurePlugin)))
[debug] Clause(Atom(sbt.plugins.JvmPlugin),Set(Atom(org.jetbrains.sbt.IdeaShellPlugin))))
[debug]   :: deduced result: Matched(sbt.plugins.CorePlugin,sbt.plugins.Giter8TemplatePlugin,sbt.plugins.IvyPlugin,sbt.plugins.JvmPlugin,org.jetbrains.sbt.GenerateAllManagedSourcesPlugin,sbt.plugins.SemanticdbPlugin,sbt.plugins.JUnitXmlReportPlugin,org.jetbrains.sbt.IdeaShellPlugin,org.jetbrains.sbt.StructurePlugin,sbt.plugins.MiniDependencyTreePlugin)
[debug] Plugins.deducer#function took 1.5287 ms
[info] loading settings for project root from build.sbt ...
[debug]         Load.resolveProject(root) took 22.3174ms
[debug]       Load.loadTransitive: finalizeProject(Project(id root, base: C:\G400\Individual project\OBDD-Visualization, plugins: List(<none>))) took 24.4625ms
[debug] [Loading] Done in C:\G400\Individual project\OBDD-Visualization, returning: (root)
[debug]     Load.loadUnit: loadedProjectsRaw took 93.6581ms
[debug]     Load.loadUnit: cleanEvalClasses took 7.5999ms
[debug]   Load.loadUnit(file:/C:/G400/Individual%20project/OBDD-Visualization/, ...) took 447.5387ms
[debug] Load.apply: load took 449.0427ms
[debug] Load.apply: resolveProjects took 0.1004ms
[debug] Load.apply: finalTransforms took 14.3445ms
[debug] Load.apply: config.delegates took 0.1801ms
[debug] Load.apply: Def.make(settings)... took 49.0042ms
[debug] Load.apply: structureIndex took 12.8307ms
[debug] Load.apply: mkStreams took 0.0023ms
[info] set current project to obdd-backend (in build file:/C:/G400/Individual%20project/OBDD-Visualization/)
[debug] > Exec(sbtPopOnFailure, None, None)
[debug] > Exec(resumeFromFailure, None, None)
[debug] > Exec(notifyUsersAboutShell, None, None)
[debug] > Exec(iflast shell, None, None)
[debug] > Exec(idea-shell, None, None)
