[debug] > Exec(run, None, None)
[debug] Evaluating tasks: Compile / run
[debug] Running task... Cancel: Signal, check cycles: false, forcegc: true
[info] compiling 5 Scala sources to C:\G400\Individual project\OBDD-Visualization\target\scala-3.3.3\classes ...
[error] -- [E007] Type Mismatch Error: C:\G400\Individual project\OBDD-Visualization\backend\src\main\scala\ApiRoutes.scala:22:46 
[error] 22 |        expr <- IO.fromEither(TempParser.parse(body.expr))
[error]    |                              ^^^^^^^^^^^^^^^^^^^^^^^^^^^
[error]    |                              Found:    Either[String, BoolExpr.Expr]
[error]    |                              Required: Either[Throwable, Any]
[error]    |
[error]    | longer explanation available when compiling with `-explain`
[error] -- [E007] Type Mismatch Error: C:\G400\Individual project\OBDD-Visualization\backend\src\main\scala\Main.scala:11:43 
[error] 11 |      "/" -> HttpRoutes.of[IO] { case _ => Response.notFound }, // 可不要
[error]    |                                           ^^^^^^^^^^^^^^^^^
[error]    |           Found:    org.http4s.Response[F]
[error]    |           Required: cats.effect.IO[org.http4s.Response[cats.effect.IO]]
[error]    |
[error]    |           where:    F is a type variable with constraint <: [_] =>> Any
[error]    |
[error]    | longer explanation available when compiling with `-explain`
[error] two errors found
[error] (Compile / compileIncremental) Compilation failed
[error] Total time: 5 s, completed 28 Jan 2026, 17:51:18
[debug] > Exec(idea-shell, None, None)
