[debug] > Exec(early(addDefaultCommands), None, None)
[debug] > Exec(addDefaultCommands, None, None)
[debug] > Exec(early(initialize), None, None)
[debug] > Exec(initialize, None, None)
[debug] > Exec(early(addPluginSbtFile="""C:\Users\49022\AppData\Local\Temp\idea10717.sbt"""), None, None)
[debug] > Exec(addPluginSbtFile="""C:\Users\49022\AppData\Local\Temp\idea10717.sbt""", None, None)
[debug] > Exec(boot, None, None)
[debug] > Exec(writeSbtVersion, None, None)
[debug] > Exec(reload, None, None)
[debug] > Exec(sbtStashOnFailure, None, None)
[debug] > Exec(onFailure loadFailed, None, None)
[debug] > Exec(loadp, None, None)
[info] welcome to sbt 1.10.0 (Oracle Corporation Java 23.0.1)
[debug]       Load.loadUnit: plugins took 127.6943ms
[debug]       Load.loadUnit: defsScala took 0.2126ms
[debug] [Loading] Scanning directory C:\Users\49022\.sbt\1.0\plugins
[debug] [Loading] Found non-root projects 
[debug] [Loading] Done in C:\Users\49022\.sbt\1.0\plugins, returning: ()
[debug] deducing auto plugins based on known facts Set(Atom(sbt.plugins.CorePlugin)) and clauses Clauses(Clause(Atom(sbt.plugins.JvmPlugin),Set(Atom(sbt.plugins.IvyPlugin)))
[debug] Clause(Atom(sbt.ScriptedPlugin),Set(Atom(sbt.plugins.JvmPlugin)))
[debug] Clause(Atom(sbt.plugins.SbtPlugin),Set(Atom(sbt.ScriptedPlugin)))
[debug] Clause(Atom(sbt.plugins.SemanticdbPlugin),Set(Atom(sbt.plugins.JvmPlugin)))
[debug] Clause(Atom(sbt.plugins.JUnitXmlReportPlugin),Set(Atom(sbt.plugins.JvmPlugin)))
[debug] Clause(Atom(sbt.plugins.MiniDependencyTreePlugin),Set(Atom(sbt.plugins.JvmPlugin)))
[debug] Clause(Atom(sbt.plugins.CorePlugin),Set(Atom(sbt.plugins.IvyPlugin)))
[debug] Clause(Atom(sbt.plugins.IvyPlugin),Set(Atom(sbt.plugins.JvmPlugin)))
[debug] Clause(Atom(sbt.plugins.JvmPlugin),Set(Atom(sbt.plugins.SemanticdbPlugin)))
[debug] Clause(Atom(sbt.plugins.JvmPlugin),Set(Atom(sbt.plugins.JUnitXmlReportPlugin)))
[debug] Clause(Atom(sbt.plugins.CorePlugin),Set(Atom(sbt.plugins.Giter8TemplatePlugin)))
[debug] Clause(Atom(sbt.plugins.JvmPlugin),Set(Atom(sbt.plugins.MiniDependencyTreePlugin))))
[debug]   :: deduced result: Matched(sbt.plugins.CorePlugin,sbt.plugins.Giter8TemplatePlugin,sbt.plugins.IvyPlugin,sbt.plugins.JvmPlugin,sbt.plugins.MiniDependencyTreePlugin,sbt.plugins.JUnitXmlReportPlugin,sbt.plugins.SemanticdbPlugin)
[debug] Plugins.deducer#function took 13.4023 ms
[debug]           Load.resolveProject(global-plugins) took 31.2625ms
[debug]         Load.loadTransitive: finalizeProject(Project(id global-plugins, base: C:\Users\49022\.sbt\1.0\plugins, plugins: List(<none>))) took 58.9801ms
[debug] [Loading] Done in C:\Users\49022\.sbt\1.0\plugins, returning: (global-plugins)
[debug]       Load.loadUnit: loadedProjectsRaw took 77.4388ms
[debug]       Load.loadUnit: cleanEvalClasses took 0.3102ms
[debug]     Load.loadUnit(file:/C:/Users/49022/.sbt/1.0/plugins/, ...) took 213.1441ms
[debug]   Load.apply: load took 457.3381ms
[debug]   Load.apply: resolveProjects took 9.2505ms
[debug]   Load.apply: finalTransforms took 60.7333ms
[debug]   Load.apply: config.delegates took 11.0575ms
[debug]   Load.apply: Def.make(settings)... took 686.4083ms
[debug]   Load.apply: structureIndex took 164.1261ms
[debug]   Load.apply: mkStreams took 4.3141ms
[info] loading global plugins from C:\Users\49022\.sbt\1.0\plugins
[debug] Running task... Cancel: Signal, check cycles: false, forcegc: true
[debug] Load.defaultLoad until apply took 2739.0132ms
[debug]           Load.loadUnit: plugins took 23.939ms
[debug]           Load.loadUnit: defsScala took 0.0024ms
[debug] [Loading] Scanning directory C:\G400\Individual project\OBDD-Visualization\project
[debug]             Load.loadUnit: mkEval took 3.2806ms
[debug] [Loading] Found non-root projects 
[debug] [Loading] Done in C:\G400\Individual project\OBDD-Visualization\project, returning: ()
[debug] deducing auto plugins based on known facts Set(Atom(sbt.plugins.CorePlugin)) and clauses Clauses(Clause(Atom(sbt.plugins.JvmPlugin),Set(Atom(sbt.plugins.IvyPlugin)))
[debug] Clause(Atom(sbt.ScriptedPlugin),Set(Atom(sbt.plugins.JvmPlugin)))
[debug] Clause(Atom(sbt.plugins.SbtPlugin),Set(Atom(sbt.ScriptedPlugin)))
[debug] Clause(Atom(sbt.plugins.SemanticdbPlugin),Set(Atom(sbt.plugins.JvmPlugin)))
[debug] Clause(Atom(sbt.plugins.JUnitXmlReportPlugin),Set(Atom(sbt.plugins.JvmPlugin)))
[debug] Clause(Atom(sbt.plugins.MiniDependencyTreePlugin),Set(Atom(sbt.plugins.JvmPlugin)))
[debug] Clause(Atom(sbt.plugins.CorePlugin),Set(Atom(sbt.plugins.IvyPlugin)))
[debug] Clause(Atom(sbt.plugins.IvyPlugin),Set(Atom(sbt.plugins.JvmPlugin)))
[debug] Clause(Atom(sbt.plugins.JvmPlugin),Set(Atom(sbt.plugins.SemanticdbPlugin)))
[debug] Clause(Atom(sbt.plugins.JvmPlugin),Set(Atom(sbt.plugins.JUnitXmlReportPlugin)))
[debug] Clause(Atom(sbt.plugins.CorePlugin),Set(Atom(sbt.plugins.Giter8TemplatePlugin)))
[debug] Clause(Atom(sbt.plugins.JvmPlugin),Set(Atom(sbt.plugins.MiniDependencyTreePlugin))))
[debug]   :: deduced result: Matched(sbt.plugins.CorePlugin,sbt.plugins.Giter8TemplatePlugin,sbt.plugins.IvyPlugin,sbt.plugins.JvmPlugin,sbt.plugins.MiniDependencyTreePlugin,sbt.plugins.JUnitXmlReportPlugin,sbt.plugins.SemanticdbPlugin)
[debug] Plugins.deducer#function took 1.8478 ms
[info] loading settings for project obdd-visualization-build from plugins.sbt,idea10717.sbt ...
[debug]               Load.resolveProject(obdd-visualization-build) took 2.6222ms
[debug]             Load.loadTransitive: finalizeProject(Project(id obdd-visualization-build, base: C:\G400\Individual project\OBDD-Visualization\project, plugins: List(<none>))) took 5.0611ms
[debug] [Loading] Done in C:\G400\Individual project\OBDD-Visualization\project, returning: (obdd-visualization-build)
[debug]           Load.loadUnit: loadedProjectsRaw took 121.3256ms
[debug]           Load.loadUnit: cleanEvalClasses took 4.4719ms
[debug]         Load.loadUnit(file:/C:/G400/Individual%20project/OBDD-Visualization/project/, ...) took 150.295ms
[debug]       Load.apply: load took 151.3652ms
[debug]       Load.apply: resolveProjects took 0.0889ms
[debug]       Load.apply: finalTransforms took 10.1934ms
[debug]       Load.apply: config.delegates took 0.2173ms
[debug]       Load.apply: Def.make(settings)... took 68.8339ms
[debug]       Load.apply: structureIndex took 22.2421ms
[debug]       Load.apply: mkStreams took 0.0021ms
[info] loading project definition from C:\G400\Individual project\OBDD-Visualization\project
[debug] Running task... Cancel: Signal, check cycles: false, forcegc: true
[debug]     Load.loadUnit: plugins took 650.2021ms
[debug]     Load.loadUnit: defsScala took 0.0034ms
[debug] [Loading] Scanning directory C:\G400\Individual project\OBDD-Visualization
[debug]       Load.loadUnit: mkEval took 0.3158ms
[debug] [Loading] Found root project root w/ remaining 
[debug] deducing auto plugins based on known facts Set(Atom(sbt.plugins.CorePlugin)) and clauses Clauses(Clause(Atom(sbt.plugins.JvmPlugin),Set(Atom(sbt.plugins.IvyPlugin)))
[debug] Clause(Atom(sbt.ScriptedPlugin),Set(Atom(sbt.plugins.JvmPlugin)))
[debug] Clause(Atom(sbt.plugins.SbtPlugin),Set(Atom(sbt.ScriptedPlugin)))
[debug] Clause(Atom(sbt.plugins.SemanticdbPlugin),Set(Atom(sbt.plugins.JvmPlugin)))
[debug] Clause(Atom(sbt.plugins.JUnitXmlReportPlugin),Set(Atom(sbt.plugins.JvmPlugin)))
[debug] Clause(Atom(sbt.plugins.MiniDependencyTreePlugin),Set(Atom(sbt.plugins.JvmPlugin)))
[debug] Clause(Atom(org.jetbrains.sbt.GenerateAllManagedSourcesPlugin),Set(Atom(sbt.plugins.JvmPlugin)))
[debug] Clause(Atom(org.jetbrains.sbt.StructurePlugin),Set(Atom(sbt.plugins.JvmPlugin)))
[debug] Clause(Atom(org.jetbrains.sbt.IdeaShellPlugin),Set(Atom(sbt.plugins.JvmPlugin)))
[debug] Clause(Atom(sbt.plugins.CorePlugin),Set(Atom(sbt.plugins.IvyPlugin)))
[debug] Clause(Atom(sbt.plugins.IvyPlugin),Set(Atom(sbt.plugins.JvmPlugin)))
[debug] Clause(Atom(sbt.plugins.JvmPlugin),Set(Atom(sbt.plugins.SemanticdbPlugin)))
[debug] Clause(Atom(sbt.plugins.JvmPlugin),Set(Atom(sbt.plugins.JUnitXmlReportPlugin)))
[debug] Clause(Atom(sbt.plugins.CorePlugin),Set(Atom(sbt.plugins.Giter8TemplatePlugin)))
[debug] Clause(Atom(sbt.plugins.JvmPlugin),Set(Atom(sbt.plugins.MiniDependencyTreePlugin)))
[debug] Clause(Atom(sbt.plugins.JvmPlugin),Set(Atom(org.jetbrains.sbt.GenerateAllManagedSourcesPlugin)))
[debug] Clause(Atom(sbt.plugins.JvmPlugin),Set(Atom(org.jetbrains.sbt.StructurePlugin)))
[debug] Clause(Atom(sbt.plugins.JvmPlugin),Set(Atom(org.jetbrains.sbt.IdeaShellPlugin))))
[debug]   :: deduced result: Matched(sbt.plugins.CorePlugin,sbt.plugins.Giter8TemplatePlugin,sbt.plugins.IvyPlugin,sbt.plugins.JvmPlugin,org.jetbrains.sbt.GenerateAllManagedSourcesPlugin,sbt.plugins.SemanticdbPlugin,sbt.plugins.JUnitXmlReportPlugin,org.jetbrains.sbt.IdeaShellPlugin,org.jetbrains.sbt.StructurePlugin,sbt.plugins.MiniDependencyTreePlugin)
[debug] Plugins.deducer#function took 2.6941 ms
[info] loading settings for project root from build.sbt ...
[debug]         Load.resolveProject(root) took 36.2705ms
[debug]       Load.loadTransitive: finalizeProject(Project(id root, base: C:\G400\Individual project\OBDD-Visualization, plugins: List(<none>))) took 39.9209ms
[debug] [Loading] Done in C:\G400\Individual project\OBDD-Visualization, returning: (root)
[debug]     Load.loadUnit: loadedProjectsRaw took 209.5805ms
[debug]     Load.loadUnit: cleanEvalClasses took 8.5698ms
[debug]   Load.loadUnit(file:/C:/G400/Individual%20project/OBDD-Visualization/, ...) took 869.2232ms
[debug] Load.apply: load took 871.3642ms
[debug] Load.apply: resolveProjects took 0.1922ms
[debug] Load.apply: finalTransforms took 27.0042ms
[debug] Load.apply: config.delegates took 0.3368ms
[debug] Load.apply: Def.make(settings)... took 141.2809ms
[debug] Load.apply: structureIndex took 18.9212ms
[debug] Load.apply: mkStreams took 0.0018ms
[info] set current project to obdd-backend (in build file:/C:/G400/Individual%20project/OBDD-Visualization/)
[debug] > Exec(sbtPopOnFailure, None, None)
[debug] > Exec(resumeFromFailure, None, None)
[debug] > Exec(notifyUsersAboutShell, None, None)
[debug] > Exec(iflast shell, None, None)
[debug] > Exec(idea-shell, None, None)
