[debug] > Exec(run, None, None)
[debug] Evaluating tasks: Compile / run
[debug] Running task... Cancel: Signal, check cycles: false, forcegc: true
[info] downloading https://repo1.maven.org/maven2/ch/qos/logback/logback-classic/1.5.16/logback-classic-1.5.16.pom
[info] downloaded https://repo1.maven.org/maven2/ch/qos/logback/logback-classic/1.5.16/logback-classic-1.5.16.pom
[info] downloading https://repo1.maven.org/maven2/ch/qos/logback/logback-parent/1.5.16/logback-parent-1.5.16.pom
[info] downloaded https://repo1.maven.org/maven2/ch/qos/logback/logback-parent/1.5.16/logback-parent-1.5.16.pom
[info] downloading https://repo1.maven.org/maven2/ch/qos/logback/logback-core/1.5.16/logback-core-1.5.16.pom
[info] downloading https://repo1.maven.org/maven2/org/slf4j/slf4j-api/2.0.16/slf4j-api-2.0.16.pom
[info] downloaded https://repo1.maven.org/maven2/ch/qos/logback/logback-core/1.5.16/logback-core-1.5.16.pom
[info] downloaded https://repo1.maven.org/maven2/org/slf4j/slf4j-api/2.0.16/slf4j-api-2.0.16.pom
[info] downloading https://repo1.maven.org/maven2/org/slf4j/slf4j-parent/2.0.16/slf4j-parent-2.0.16.pom
[info] downloaded https://repo1.maven.org/maven2/org/slf4j/slf4j-parent/2.0.16/slf4j-parent-2.0.16.pom
[info] downloading https://repo1.maven.org/maven2/org/slf4j/slf4j-bom/2.0.16/slf4j-bom-2.0.16.pom
[info] downloaded https://repo1.maven.org/maven2/org/slf4j/slf4j-bom/2.0.16/slf4j-bom-2.0.16.pom
[info] downloading https://repo1.maven.org/maven2/ch/qos/logback/logback-core/1.5.16/logback-core-1.5.16.jar
[info] downloading https://repo1.maven.org/maven2/org/slf4j/slf4j-api/2.0.16/slf4j-api-2.0.16.jar
[info] downloading https://repo1.maven.org/maven2/ch/qos/logback/logback-classic/1.5.16/logback-classic-1.5.16.jar
[info] downloaded https://repo1.maven.org/maven2/org/slf4j/slf4j-api/2.0.16/slf4j-api-2.0.16.jar
[info] downloaded https://repo1.maven.org/maven2/ch/qos/logback/logback-core/1.5.16/logback-core-1.5.16.jar
[info] downloaded https://repo1.maven.org/maven2/ch/qos/logback/logback-classic/1.5.16/logback-classic-1.5.16.jar
[warn] Canceling execution...
[debug] Forcing garbage collection...
[error] Cancelled: run
[error] Cancelled: run
[error] Use 'last' for the full log.
[debug] > Exec(idea-shell, None, None)
