[debug] > Exec(early(addDefaultCommands), None, None)
[debug] > Exec(addDefaultCommands, None, None)
[debug] > Exec(early(initialize), None, None)
[debug] > Exec(initialize, None, None)
[debug] > Exec(early(addPluginSbtFile="""C:\Users\49022\AppData\Local\Temp\idea1.sbt"""), None, None)
[debug] > Exec(addPluginSbtFile="""C:\Users\49022\AppData\Local\Temp\idea1.sbt""", None, None)
[debug] > Exec(boot, None, None)
[debug] > Exec(writeSbtVersion, None, None)
[debug] > Exec(reload, None, None)
[debug] > Exec(sbtStashOnFailure, None, None)
[debug] > Exec(onFailure loadFailed, None, None)
[debug] > Exec(loadp, None, None)
[info] welcome to sbt 1.10.0 (Oracle Corporation Java 23.0.1)
[debug]       Load.loadUnit: plugins took 60.152ms
[debug]       Load.loadUnit: defsScala took 0.1107ms
[debug] [Loading] Scanning directory C:\Users\49022\.sbt\1.0\plugins
[debug] [Loading] Found non-root projects 
[debug] [Loading] Done in C:\Users\49022\.sbt\1.0\plugins, returning: ()
[debug] deducing auto plugins based on known facts Set(Atom(sbt.plugins.CorePlugin)) and clauses Clauses(Clause(Atom(sbt.plugins.JvmPlugin),Set(Atom(sbt.plugins.IvyPlugin)))
[debug] Clause(Atom(sbt.ScriptedPlugin),Set(Atom(sbt.plugins.JvmPlugin)))
[debug] Clause(Atom(sbt.plugins.SbtPlugin),Set(Atom(sbt.ScriptedPlugin)))
[debug] Clause(Atom(sbt.plugins.SemanticdbPlugin),Set(Atom(sbt.plugins.JvmPlugin)))
[debug] Clause(Atom(sbt.plugins.JUnitXmlReportPlugin),Set(Atom(sbt.plugins.JvmPlugin)))
[debug] Clause(Atom(sbt.plugins.MiniDependencyTreePlugin),Set(Atom(sbt.plugins.JvmPlugin)))
[debug] Clause(Atom(sbt.plugins.CorePlugin),Set(Atom(sbt.plugins.IvyPlugin)))
[debug] Clause(Atom(sbt.plugins.IvyPlugin),Set(Atom(sbt.plugins.JvmPlugin)))
[debug] Clause(Atom(sbt.plugins.JvmPlugin),Set(Atom(sbt.plugins.SemanticdbPlugin)))
[debug] Clause(Atom(sbt.plugins.JvmPlugin),Set(Atom(sbt.plugins.JUnitXmlReportPlugin)))
[debug] Clause(Atom(sbt.plugins.CorePlugin),Set(Atom(sbt.plugins.Giter8TemplatePlugin)))
[debug] Clause(Atom(sbt.plugins.JvmPlugin),Set(Atom(sbt.plugins.MiniDependencyTreePlugin))))
[debug]   :: deduced result: Matched(sbt.plugins.CorePlugin,sbt.plugins.Giter8TemplatePlugin,sbt.plugins.IvyPlugin,sbt.plugins.JvmPlugin,sbt.plugins.MiniDependencyTreePlugin,sbt.plugins.JUnitXmlReportPlugin,sbt.plugins.SemanticdbPlugin)
[debug] Plugins.deducer#function took 10.7246 ms
[debug]           Load.resolveProject(global-plugins) took 25.0563ms
[debug]         Load.loadTransitive: finalizeProject(Project(id global-plugins, base: C:\Users\49022\.sbt\1.0\plugins, plugins: List(<none>))) took 44.6091ms
[debug] [Loading] Done in C:\Users\49022\.sbt\1.0\plugins, returning: (global-plugins)
[debug]       Load.loadUnit: loadedProjectsRaw took 54.1312ms
[debug]       Load.loadUnit: cleanEvalClasses took 0.0922ms
[debug]     Load.loadUnit(file:/C:/Users/49022/.sbt/1.0/plugins/, ...) took 118.9163ms
[debug]   Load.apply: load took 247.1264ms
[debug]   Load.apply: resolveProjects took 3.0629ms
[debug]   Load.apply: finalTransforms took 45.1261ms
[debug]   Load.apply: config.delegates took 10.6307ms
[debug]   Load.apply: Def.make(settings)... took 375.0236ms
[debug]   Load.apply: structureIndex took 100.6053ms
[debug]   Load.apply: mkStreams took 3.3392ms
[info] loading global plugins from C:\Users\49022\.sbt\1.0\plugins
[debug] Running task... Cancel: Signal, check cycles: false, forcegc: true
[debug] Load.defaultLoad until apply took 1764.6513ms
[debug]           Load.loadUnit: plugins took 21.2977ms
[debug]           Load.loadUnit: defsScala took 0.0016ms
[debug] [Loading] Scanning directory C:\G400\Individual project\OBDD-Visualization\project
[debug]             Load.loadUnit: mkEval took 2.5108ms
[debug] [Loading] Found non-root projects 
[debug] [Loading] Done in C:\G400\Individual project\OBDD-Visualization\project, returning: ()
[debug] deducing auto plugins based on known facts Set(Atom(sbt.plugins.CorePlugin)) and clauses Clauses(Clause(Atom(sbt.plugins.JvmPlugin),Set(Atom(sbt.plugins.IvyPlugin)))
[debug] Clause(Atom(sbt.ScriptedPlugin),Set(Atom(sbt.plugins.JvmPlugin)))
[debug] Clause(Atom(sbt.plugins.SbtPlugin),Set(Atom(sbt.ScriptedPlugin)))
[debug] Clause(Atom(sbt.plugins.SemanticdbPlugin),Set(Atom(sbt.plugins.JvmPlugin)))
[debug] Clause(Atom(sbt.plugins.JUnitXmlReportPlugin),Set(Atom(sbt.plugins.JvmPlugin)))
[debug] Clause(Atom(sbt.plugins.MiniDependencyTreePlugin),Set(Atom(sbt.plugins.JvmPlugin)))
[debug] Clause(Atom(sbt.plugins.CorePlugin),Set(Atom(sbt.plugins.IvyPlugin)))
[debug] Clause(Atom(sbt.plugins.IvyPlugin),Set(Atom(sbt.plugins.JvmPlugin)))
[debug] Clause(Atom(sbt.plugins.JvmPlugin),Set(Atom(sbt.plugins.SemanticdbPlugin)))
[debug] Clause(Atom(sbt.plugins.JvmPlugin),Set(Atom(sbt.plugins.JUnitXmlReportPlugin)))
[debug] Clause(Atom(sbt.plugins.CorePlugin),Set(Atom(sbt.plugins.Giter8TemplatePlugin)))
[debug] Clause(Atom(sbt.plugins.JvmPlugin),Set(Atom(sbt.plugins.MiniDependencyTreePlugin))))
[debug]   :: deduced result: Matched(sbt.plugins.CorePlugin,sbt.plugins.Giter8TemplatePlugin,sbt.plugins.IvyPlugin,sbt.plugins.JvmPlugin,sbt.plugins.MiniDependencyTreePlugin,sbt.plugins.JUnitXmlReportPlugin,sbt.plugins.SemanticdbPlugin)
[debug] Plugins.deducer#function took 1.5555 ms
[info] loading settings for project obdd-visualization-build from plugins.sbt,idea1.sbt ...
[debug]               Load.resolveProject(obdd-visualization-build) took 1.9662ms
[debug]             Load.loadTransitive: finalizeProject(Project(id obdd-visualization-build, base: C:\G400\Individual project\OBDD-Visualization\project, plugins: List(<none>))) took 3.8789ms
[debug] [Loading] Done in C:\G400\Individual project\OBDD-Visualization\project, returning: (obdd-visualization-build)
[debug]           Load.loadUnit: loadedProjectsRaw took 88.9591ms
[debug]           Load.loadUnit: cleanEvalClasses took 4.541ms
[debug]         Load.loadUnit(file:/C:/G400/Individual%20project/OBDD-Visualization/project/, ...) took 115.3416ms
[debug]       Load.apply: load took 116.3884ms
[debug]       Load.apply: resolveProjects took 0.2107ms
[debug]       Load.apply: finalTransforms took 8.1809ms
[debug]       Load.apply: config.delegates took 0.202ms
[debug]       Load.apply: Def.make(settings)... took 39.0475ms
[debug]       Load.apply: structureIndex took 15.0021ms
[debug]       Load.apply: mkStreams took 0.0016ms
[info] loading project definition from C:\G400\Individual project\OBDD-Visualization\project
[debug] Running task... Cancel: Signal, check cycles: false, forcegc: true
[debug]     Load.loadUnit: plugins took 370.5716ms
[debug]     Load.loadUnit: defsScala took 0.0018ms
[debug] [Loading] Scanning directory C:\G400\Individual project\OBDD-Visualization
[debug]       Load.loadUnit: mkEval took 0.2638ms
[debug] [Loading] Found root project root w/ remaining 
[debug] deducing auto plugins based on known facts Set(Atom(sbt.plugins.CorePlugin)) and clauses Clauses(Clause(Atom(sbt.plugins.JvmPlugin),Set(Atom(sbt.plugins.IvyPlugin)))
[debug] Clause(Atom(sbt.ScriptedPlugin),Set(Atom(sbt.plugins.JvmPlugin)))
[debug] Clause(Atom(sbt.plugins.SbtPlugin),Set(Atom(sbt.ScriptedPlugin)))
[debug] Clause(Atom(sbt.plugins.SemanticdbPlugin),Set(Atom(sbt.plugins.JvmPlugin)))
[debug] Clause(Atom(sbt.plugins.JUnitXmlReportPlugin),Set(Atom(sbt.plugins.JvmPlugin)))
[debug] Clause(Atom(sbt.plugins.MiniDependencyTreePlugin),Set(Atom(sbt.plugins.JvmPlugin)))
[debug] Clause(Atom(org.jetbrains.sbt.GenerateAllManagedSourcesPlugin),Set(Atom(sbt.plugins.JvmPlugin)))
[debug] Clause(Atom(org.jetbrains.sbt.StructurePlugin),Set(Atom(sbt.plugins.JvmPlugin)))
[debug] Clause(Atom(org.jetbrains.sbt.IdeaShellPlugin),Set(Atom(sbt.plugins.JvmPlugin)))
[debug] Clause(Atom(sbt.plugins.CorePlugin),Set(Atom(sbt.plugins.IvyPlugin)))
[debug] Clause(Atom(sbt.plugins.IvyPlugin),Set(Atom(sbt.plugins.JvmPlugin)))
[debug] Clause(Atom(sbt.plugins.JvmPlugin),Set(Atom(sbt.plugins.SemanticdbPlugin)))
[debug] Clause(Atom(sbt.plugins.JvmPlugin),Set(Atom(sbt.plugins.JUnitXmlReportPlugin)))
[debug] Clause(Atom(sbt.plugins.CorePlugin),Set(Atom(sbt.plugins.Giter8TemplatePlugin)))
[debug] Clause(Atom(sbt.plugins.JvmPlugin),Set(Atom(sbt.plugins.MiniDependencyTreePlugin)))
[debug] Clause(Atom(sbt.plugins.JvmPlugin),Set(Atom(org.jetbrains.sbt.GenerateAllManagedSourcesPlugin)))
[debug] Clause(Atom(sbt.plugins.JvmPlugin),Set(Atom(org.jetbrains.sbt.StructurePlugin)))
[debug] Clause(Atom(sbt.plugins.JvmPlugin),Set(Atom(org.jetbrains.sbt.IdeaShellPlugin))))
[debug]   :: deduced result: Matched(sbt.plugins.CorePlugin,sbt.plugins.Giter8TemplatePlugin,sbt.plugins.IvyPlugin,sbt.plugins.JvmPlugin,org.jetbrains.sbt.GenerateAllManagedSourcesPlugin,sbt.plugins.SemanticdbPlugin,sbt.plugins.JUnitXmlReportPlugin,org.jetbrains.sbt.IdeaShellPlugin,org.jetbrains.sbt.StructurePlugin,sbt.plugins.MiniDependencyTreePlugin)
[debug] Plugins.deducer#function took 2.0183 ms
[info] loading settings for project root from build.sbt ...
[debug]         Load.resolveProject(root) took 17.6002ms
[debug]       Load.loadTransitive: finalizeProject(Project(id root, base: C:\G400\Individual project\OBDD-Visualization, plugins: List(<none>))) took 20.2105ms
[debug] [Loading] Done in C:\G400\Individual project\OBDD-Visualization, returning: (root)
[debug]     Load.loadUnit: loadedProjectsRaw took 1530.9767ms
[debug]     Load.loadUnit: cleanEvalClasses took 5.3761ms
[debug]   Load.loadUnit(file:/C:/G400/Individual%20project/OBDD-Visualization/, ...) took 1907.5745ms
[debug] Load.apply: load took 1909.1432ms
[debug] Load.apply: resolveProjects took 0.0895ms
[debug] Load.apply: finalTransforms took 12.4257ms
[debug] Load.apply: config.delegates took 0.161ms
[debug] Load.apply: Def.make(settings)... took 49.2047ms
[debug] Load.apply: structureIndex took 13.364ms
[debug] Load.apply: mkStreams took 0.002ms
[info] set current project to obdd-backend (in build file:/C:/G400/Individual%20project/OBDD-Visualization/)
[debug] > Exec(sbtPopOnFailure, None, None)
[debug] > Exec(resumeFromFailure, None, None)
[debug] > Exec(notifyUsersAboutShell, None, None)
[debug] > Exec(iflast shell, None, None)
[debug] > Exec(idea-shell, None, None)
