[debug] > Exec(early(addDefaultCommands), None, None)
[debug] > Exec(addDefaultCommands, None, None)
[debug] > Exec(early(initialize), None, None)
[debug] > Exec(initialize, None, None)
[debug] > Exec(early(addPluginSbtFile="""C:\Users\49022\AppData\Local\Temp\idea5.sbt"""), None, None)
[debug] > Exec(addPluginSbtFile="""C:\Users\49022\AppData\Local\Temp\idea5.sbt""", None, None)
[debug] > Exec(boot, None, None)
[debug] > Exec(writeSbtVersion, None, None)
[debug] > Exec(reload, None, None)
[debug] > Exec(sbtStashOnFailure, None, None)
[debug] > Exec(onFailure loadFailed, None, None)
[debug] > Exec(loadp, None, None)
[info] welcome to sbt 1.10.0 (Oracle Corporation Java 23.0.1)
[debug]       Load.loadUnit: plugins took 64.5938ms
[debug]       Load.loadUnit: defsScala took 0.1062ms
[debug] [Loading] Scanning directory C:\Users\49022\.sbt\1.0\plugins
[debug] [Loading] Found non-root projects 
[debug] [Loading] Done in C:\Users\49022\.sbt\1.0\plugins, returning: ()
[debug] deducing auto plugins based on known facts Set(Atom(sbt.plugins.CorePlugin)) and clauses Clauses(Clause(Atom(sbt.plugins.JvmPlugin),Set(Atom(sbt.plugins.IvyPlugin)))
[debug] Clause(Atom(sbt.ScriptedPlugin),Set(Atom(sbt.plugins.JvmPlugin)))
[debug] Clause(Atom(sbt.plugins.SbtPlugin),Set(Atom(sbt.ScriptedPlugin)))
[debug] Clause(Atom(sbt.plugins.SemanticdbPlugin),Set(Atom(sbt.plugins.JvmPlugin)))
[debug] Clause(Atom(sbt.plugins.JUnitXmlReportPlugin),Set(Atom(sbt.plugins.JvmPlugin)))
[debug] Clause(Atom(sbt.plugins.MiniDependencyTreePlugin),Set(Atom(sbt.plugins.JvmPlugin)))
[debug] Clause(Atom(sbt.plugins.CorePlugin),Set(Atom(sbt.plugins.IvyPlugin)))
[debug] Clause(Atom(sbt.plugins.IvyPlugin),Set(Atom(sbt.plugins.JvmPlugin)))
[debug] Clause(Atom(sbt.plugins.JvmPlugin),Set(Atom(sbt.plugins.SemanticdbPlugin)))
[debug] Clause(Atom(sbt.plugins.JvmPlugin),Set(Atom(sbt.plugins.JUnitXmlReportPlugin)))
[debug] Clause(Atom(sbt.plugins.CorePlugin),Set(Atom(sbt.plugins.Giter8TemplatePlugin)))
[debug] Clause(Atom(sbt.plugins.JvmPlugin),Set(Atom(sbt.plugins.MiniDependencyTreePlugin))))
[debug]   :: deduced result: Matched(sbt.plugins.CorePlugin,sbt.plugins.Giter8TemplatePlugin,sbt.plugins.IvyPlugin,sbt.plugins.JvmPlugin,sbt.plugins.MiniDependencyTreePlugin,sbt.plugins.JUnitXmlReportPlugin,sbt.plugins.SemanticdbPlugin)
[debug] Plugins.deducer#function took 8.3649 ms
[debug]           Load.resolveProject(global-plugins) took 21.46ms
[debug]         Load.loadTransitive: finalizeProject(Project(id global-plugins, base: C:\Users\49022\.sbt\1.0\plugins, plugins: List(<none>))) took 38.7157ms
[debug] [Loading] Done in C:\Users\49022\.sbt\1.0\plugins, returning: (global-plugins)
[debug]       Load.loadUnit: loadedProjectsRaw took 48.6239ms
[debug]       Load.loadUnit: cleanEvalClasses took 0.0935ms
[debug]     Load.loadUnit(file:/C:/Users/49022/.sbt/1.0/plugins/, ...) took 117.8583ms
[debug]   Load.apply: load took 275.1371ms
[debug]   Load.apply: resolveProjects took 4.006ms
[debug]   Load.apply: finalTransforms took 44.4548ms
[debug]   Load.apply: config.delegates took 9.6569ms
[debug]   Load.apply: Def.make(settings)... took 388.3674ms
[debug]   Load.apply: structureIndex took 115.5759ms
[debug]   Load.apply: mkStreams took 3.7723ms
[info] loading global plugins from C:\Users\49022\.sbt\1.0\plugins
[debug] Running task... Cancel: Signal, check cycles: false, forcegc: true
[debug] Load.defaultLoad until apply took 1758.7413ms
[debug]           Load.loadUnit: plugins took 24.461ms
[debug]           Load.loadUnit: defsScala took 0.0021ms
[debug] [Loading] Scanning directory C:\G400\Individual project\OBDD-Visualization\project
[debug]             Load.loadUnit: mkEval took 2.6609ms
[debug] [Loading] Found non-root projects 
[debug] [Loading] Done in C:\G400\Individual project\OBDD-Visualization\project, returning: ()
[debug] deducing auto plugins based on known facts Set(Atom(sbt.plugins.CorePlugin)) and clauses Clauses(Clause(Atom(sbt.plugins.JvmPlugin),Set(Atom(sbt.plugins.IvyPlugin)))
[debug] Clause(Atom(sbt.ScriptedPlugin),Set(Atom(sbt.plugins.JvmPlugin)))
[debug] Clause(Atom(sbt.plugins.SbtPlugin),Set(Atom(sbt.ScriptedPlugin)))
[debug] Clause(Atom(sbt.plugins.SemanticdbPlugin),Set(Atom(sbt.plugins.JvmPlugin)))
[debug] Clause(Atom(sbt.plugins.JUnitXmlReportPlugin),Set(Atom(sbt.plugins.JvmPlugin)))
[debug] Clause(Atom(sbt.plugins.MiniDependencyTreePlugin),Set(Atom(sbt.plugins.JvmPlugin)))
[debug] Clause(Atom(sbt.plugins.CorePlugin),Set(Atom(sbt.plugins.IvyPlugin)))
[debug] Clause(Atom(sbt.plugins.IvyPlugin),Set(Atom(sbt.plugins.JvmPlugin)))
[debug] Clause(Atom(sbt.plugins.JvmPlugin),Set(Atom(sbt.plugins.SemanticdbPlugin)))
[debug] Clause(Atom(sbt.plugins.JvmPlugin),Set(Atom(sbt.plugins.JUnitXmlReportPlugin)))
[debug] Clause(Atom(sbt.plugins.CorePlugin),Set(Atom(sbt.plugins.Giter8TemplatePlugin)))
[debug] Clause(Atom(sbt.plugins.JvmPlugin),Set(Atom(sbt.plugins.MiniDependencyTreePlugin))))
[debug]   :: deduced result: Matched(sbt.plugins.CorePlugin,sbt.plugins.Giter8TemplatePlugin,sbt.plugins.IvyPlugin,sbt.plugins.JvmPlugin,sbt.plugins.MiniDependencyTreePlugin,sbt.plugins.JUnitXmlReportPlugin,sbt.plugins.SemanticdbPlugin)
[debug] Plugins.deducer#function took 1.9062 ms
[info] loading settings for project obdd-visualization-build from plugins.sbt,idea5.sbt ...
[debug]               Load.resolveProject(obdd-visualization-build) took 1.6551ms
[debug]             Load.loadTransitive: finalizeProject(Project(id obdd-visualization-build, base: C:\G400\Individual project\OBDD-Visualization\project, plugins: List(<none>))) took 3.9058ms
[debug] [Loading] Done in C:\G400\Individual project\OBDD-Visualization\project, returning: (obdd-visualization-build)
[debug]           Load.loadUnit: loadedProjectsRaw took 74.4545ms
[debug]           Load.loadUnit: cleanEvalClasses took 3.8318ms
[debug]         Load.loadUnit(file:/C:/G400/Individual%20project/OBDD-Visualization/project/, ...) took 103.2608ms
[debug]       Load.apply: load took 104.687ms
[debug]       Load.apply: resolveProjects took 0.0705ms
[debug]       Load.apply: finalTransforms took 8.8817ms
[debug]       Load.apply: config.delegates took 0.3116ms
[debug]       Load.apply: Def.make(settings)... took 41.089ms
[debug]       Load.apply: structureIndex took 13.6492ms
[debug]       Load.apply: mkStreams took 0.0015ms
[info] loading project definition from C:\G400\Individual project\OBDD-Visualization\project
[debug] Running task... Cancel: Signal, check cycles: false, forcegc: true
[debug]     Load.loadUnit: plugins took 388.6028ms
[debug]     Load.loadUnit: defsScala took 0.0017ms
[debug] [Loading] Scanning directory C:\G400\Individual project\OBDD-Visualization
[debug]       Load.loadUnit: mkEval took 0.1921ms
[debug] [Loading] Found root project root w/ remaining 
[debug] deducing auto plugins based on known facts Set(Atom(sbt.plugins.CorePlugin)) and clauses Clauses(Clause(Atom(sbt.plugins.JvmPlugin),Set(Atom(sbt.plugins.IvyPlugin)))
[debug] Clause(Atom(sbt.ScriptedPlugin),Set(Atom(sbt.plugins.JvmPlugin)))
[debug] Clause(Atom(sbt.plugins.SbtPlugin),Set(Atom(sbt.ScriptedPlugin)))
[debug] Clause(Atom(sbt.plugins.SemanticdbPlugin),Set(Atom(sbt.plugins.JvmPlugin)))
[debug] Clause(Atom(sbt.plugins.JUnitXmlReportPlugin),Set(Atom(sbt.plugins.JvmPlugin)))
[debug] Clause(Atom(sbt.plugins.MiniDependencyTreePlugin),Set(Atom(sbt.plugins.JvmPlugin)))
[debug] Clause(Atom(org.jetbrains.sbt.GenerateAllManagedSourcesPlugin),Set(Atom(sbt.plugins.JvmPlugin)))
[debug] Clause(Atom(org.jetbrains.sbt.StructurePlugin),Set(Atom(sbt.plugins.JvmPlugin)))
[debug] Clause(Atom(org.jetbrains.sbt.IdeaShellPlugin),Set(Atom(sbt.plugins.JvmPlugin)))
[debug] Clause(Atom(sbt.plugins.CorePlugin),Set(Atom(sbt.plugins.IvyPlugin)))
[debug] Clause(Atom(sbt.plugins.IvyPlugin),Set(Atom(sbt.plugins.JvmPlugin)))
[debug] Clause(Atom(sbt.plugins.JvmPlugin),Set(Atom(sbt.plugins.SemanticdbPlugin)))
[debug] Clause(Atom(sbt.plugins.JvmPlugin),Set(Atom(sbt.plugins.JUnitXmlReportPlugin)))
[debug] Clause(Atom(sbt.plugins.CorePlugin),Set(Atom(sbt.plugins.Giter8TemplatePlugin)))
[debug] Clause(Atom(sbt.plugins.JvmPlugin),Set(Atom(sbt.plugins.MiniDependencyTreePlugin)))
[debug] Clause(Atom(sbt.plugins.JvmPlugin),Set(Atom(org.jetbrains.sbt.GenerateAllManagedSourcesPlugin)))
[debug] Clause(Atom(sbt.plugins.JvmPlugin),Set(Atom(org.jetbrains.sbt.StructurePlugin)))
[debug] Clause(Atom(sbt.plugins.JvmPlugin),Set(Atom(org.jetbrains.sbt.IdeaShellPlugin))))
[debug]   :: deduced result: Matched(sbt.plugins.CorePlugin,sbt.plugins.Giter8TemplatePlugin,sbt.plugins.IvyPlugin,sbt.plugins.JvmPlugin,org.jetbrains.sbt.GenerateAllManagedSourcesPlugin,sbt.plugins.SemanticdbPlugin,sbt.plugins.JUnitXmlReportPlugin,org.jetbrains.sbt.IdeaShellPlugin,org.jetbrains.sbt.StructurePlugin,sbt.plugins.MiniDependencyTreePlugin)
[debug] Plugins.deducer#function took 2.3975 ms
[info] loading settings for project root from build.sbt ...
[debug]         Load.resolveProject(root) took 13.8981ms
[debug]       Load.loadTransitive: finalizeProject(Project(id root, base: C:\G400\Individual project\OBDD-Visualization, plugins: List(<none>))) took 16.9689ms
[debug] [Loading] Done in C:\G400\Individual project\OBDD-Visualization, returning: (root)
[debug]     Load.loadUnit: loadedProjectsRaw took 1481.8916ms
[debug]     Load.loadUnit: cleanEvalClasses took 7.4738ms
[debug]   Load.loadUnit(file:/C:/G400/Individual%20project/OBDD-Visualization/, ...) took 1878.5027ms
[debug] Load.apply: load took 1880.1029ms
[debug] Load.apply: resolveProjects took 0.1577ms
[debug] Load.apply: finalTransforms took 13.0899ms
[debug] Load.apply: config.delegates took 0.2357ms
[debug] Load.apply: Def.make(settings)... took 45.1045ms
[debug] Load.apply: structureIndex took 12.635ms
[debug] Load.apply: mkStreams took 0.0019ms
[info] set current project to obdd-backend (in build file:/C:/G400/Individual%20project/OBDD-Visualization/)
[debug] > Exec(sbtPopOnFailure, None, None)
[debug] > Exec(resumeFromFailure, None, None)
[debug] > Exec(notifyUsersAboutShell, None, None)
[debug] > Exec(iflast shell, None, None)
[debug] > Exec(idea-shell, None, None)
