[debug] > Exec(early(addDefaultCommands), None, None)
[debug] > Exec(addDefaultCommands, None, None)
[debug] > Exec(early(initialize), None, None)
[debug] > Exec(initialize, None, None)
[debug] > Exec(early(addPluginSbtFile="""C:\Users\49022\AppData\Local\Temp\idea10.sbt"""), None, None)
[debug] > Exec(addPluginSbtFile="""C:\Users\49022\AppData\Local\Temp\idea10.sbt""", None, None)
[debug] > Exec(boot, None, None)
[debug] > Exec(writeSbtVersion, None, None)
[debug] > Exec(reload, None, None)
[debug] > Exec(sbtStashOnFailure, None, None)
[debug] > Exec(onFailure loadFailed, None, None)
[debug] > Exec(loadp, None, None)
[info] welcome to sbt 1.10.0 (Oracle Corporation Java 23.0.1)
[debug]       Load.loadUnit: plugins took 59.9724ms
[debug]       Load.loadUnit: defsScala took 0.2166ms
[debug] [Loading] Scanning directory C:\Users\49022\.sbt\1.0\plugins
[debug] [Loading] Found non-root projects 
[debug] [Loading] Done in C:\Users\49022\.sbt\1.0\plugins, returning: ()
[debug] deducing auto plugins based on known facts Set(Atom(sbt.plugins.CorePlugin)) and clauses Clauses(Clause(Atom(sbt.plugins.JvmPlugin),Set(Atom(sbt.plugins.IvyPlugin)))
[debug] Clause(Atom(sbt.ScriptedPlugin),Set(Atom(sbt.plugins.JvmPlugin)))
[debug] Clause(Atom(sbt.plugins.SbtPlugin),Set(Atom(sbt.ScriptedPlugin)))
[debug] Clause(Atom(sbt.plugins.SemanticdbPlugin),Set(Atom(sbt.plugins.JvmPlugin)))
[debug] Clause(Atom(sbt.plugins.JUnitXmlReportPlugin),Set(Atom(sbt.plugins.JvmPlugin)))
[debug] Clause(Atom(sbt.plugins.MiniDependencyTreePlugin),Set(Atom(sbt.plugins.JvmPlugin)))
[debug] Clause(Atom(sbt.plugins.CorePlugin),Set(Atom(sbt.plugins.IvyPlugin)))
[debug] Clause(Atom(sbt.plugins.IvyPlugin),Set(Atom(sbt.plugins.JvmPlugin)))
[debug] Clause(Atom(sbt.plugins.JvmPlugin),Set(Atom(sbt.plugins.SemanticdbPlugin)))
[debug] Clause(Atom(sbt.plugins.JvmPlugin),Set(Atom(sbt.plugins.JUnitXmlReportPlugin)))
[debug] Clause(Atom(sbt.plugins.CorePlugin),Set(Atom(sbt.plugins.Giter8TemplatePlugin)))
[debug] Clause(Atom(sbt.plugins.JvmPlugin),Set(Atom(sbt.plugins.MiniDependencyTreePlugin))))
[debug]   :: deduced result: Matched(sbt.plugins.CorePlugin,sbt.plugins.Giter8TemplatePlugin,sbt.plugins.IvyPlugin,sbt.plugins.JvmPlugin,sbt.plugins.MiniDependencyTreePlugin,sbt.plugins.JUnitXmlReportPlugin,sbt.plugins.SemanticdbPlugin)
[debug] Plugins.deducer#function took 17.8853 ms
[debug]           Load.resolveProject(global-plugins) took 23.433ms
[debug]         Load.loadTransitive: finalizeProject(Project(id global-plugins, base: C:\Users\49022\.sbt\1.0\plugins, plugins: List(<none>))) took 50.7206ms
[debug] [Loading] Done in C:\Users\49022\.sbt\1.0\plugins, returning: (global-plugins)
[debug]       Load.loadUnit: loadedProjectsRaw took 60.7697ms
[debug]       Load.loadUnit: cleanEvalClasses took 0.0969ms
[debug]     Load.loadUnit(file:/C:/Users/49022/.sbt/1.0/plugins/, ...) took 125.9855ms
[debug]   Load.apply: load took 248.6279ms
[debug]   Load.apply: resolveProjects took 3.3129ms
[debug]   Load.apply: finalTransforms took 40.6396ms
[debug]   Load.apply: config.delegates took 9.1669ms
[debug]   Load.apply: Def.make(settings)... took 372.934ms
[debug]   Load.apply: structureIndex took 109.1439ms
[debug]   Load.apply: mkStreams took 3.5768ms
[info] loading global plugins from C:\Users\49022\.sbt\1.0\plugins
[debug] Running task... Cancel: Signal, check cycles: false, forcegc: true
[debug] Load.defaultLoad until apply took 1679.9668ms
[debug]           Load.loadUnit: plugins took 18.8699ms
[debug]           Load.loadUnit: defsScala took 0.002ms
[debug] [Loading] Scanning directory C:\G400\Individual project\OBDD-Visualization\project
[debug]             Load.loadUnit: mkEval took 2.4492ms
[debug] [Loading] Found non-root projects 
[debug] [Loading] Done in C:\G400\Individual project\OBDD-Visualization\project, returning: ()
[debug] deducing auto plugins based on known facts Set(Atom(sbt.plugins.CorePlugin)) and clauses Clauses(Clause(Atom(sbt.plugins.JvmPlugin),Set(Atom(sbt.plugins.IvyPlugin)))
[debug] Clause(Atom(sbt.ScriptedPlugin),Set(Atom(sbt.plugins.JvmPlugin)))
[debug] Clause(Atom(sbt.plugins.SbtPlugin),Set(Atom(sbt.ScriptedPlugin)))
[debug] Clause(Atom(sbt.plugins.SemanticdbPlugin),Set(Atom(sbt.plugins.JvmPlugin)))
[debug] Clause(Atom(sbt.plugins.JUnitXmlReportPlugin),Set(Atom(sbt.plugins.JvmPlugin)))
[debug] Clause(Atom(sbt.plugins.MiniDependencyTreePlugin),Set(Atom(sbt.plugins.JvmPlugin)))
[debug] Clause(Atom(sbt.plugins.CorePlugin),Set(Atom(sbt.plugins.IvyPlugin)))
[debug] Clause(Atom(sbt.plugins.IvyPlugin),Set(Atom(sbt.plugins.JvmPlugin)))
[debug] Clause(Atom(sbt.plugins.JvmPlugin),Set(Atom(sbt.plugins.SemanticdbPlugin)))
[debug] Clause(Atom(sbt.plugins.JvmPlugin),Set(Atom(sbt.plugins.JUnitXmlReportPlugin)))
[debug] Clause(Atom(sbt.plugins.CorePlugin),Set(Atom(sbt.plugins.Giter8TemplatePlugin)))
[debug] Clause(Atom(sbt.plugins.JvmPlugin),Set(Atom(sbt.plugins.MiniDependencyTreePlugin))))
[debug]   :: deduced result: Matched(sbt.plugins.CorePlugin,sbt.plugins.Giter8TemplatePlugin,sbt.plugins.IvyPlugin,sbt.plugins.JvmPlugin,sbt.plugins.MiniDependencyTreePlugin,sbt.plugins.JUnitXmlReportPlugin,sbt.plugins.SemanticdbPlugin)
[debug] Plugins.deducer#function took 1.2911 ms
[info] loading settings for project obdd-visualization-build from plugins.sbt,idea10.sbt ...
[debug]               Load.resolveProject(obdd-visualization-build) took 3.7103ms
[debug]             Load.loadTransitive: finalizeProject(Project(id obdd-visualization-build, base: C:\G400\Individual project\OBDD-Visualization\project, plugins: List(<none>))) took 5.3813ms
[debug] [Loading] Done in C:\G400\Individual project\OBDD-Visualization\project, returning: (obdd-visualization-build)
[debug]           Load.loadUnit: loadedProjectsRaw took 77.9738ms
[debug]           Load.loadUnit: cleanEvalClasses took 4.0237ms
[debug]         Load.loadUnit(file:/C:/G400/Individual%20project/OBDD-Visualization/project/, ...) took 101.3813ms
[debug]       Load.apply: load took 102.5515ms
[debug]       Load.apply: resolveProjects took 0.0721ms
[debug]       Load.apply: finalTransforms took 6.8471ms
[debug]       Load.apply: config.delegates took 0.3692ms
[debug]       Load.apply: Def.make(settings)... took 47.1461ms
[debug]       Load.apply: structureIndex took 14.097ms
[debug]       Load.apply: mkStreams took 0.002ms
[info] loading project definition from C:\G400\Individual project\OBDD-Visualization\project
[debug] Running task... Cancel: Signal, check cycles: false, forcegc: true
[debug]     Load.loadUnit: plugins took 324.3849ms
[debug]     Load.loadUnit: defsScala took 0.0015ms
[debug] [Loading] Scanning directory C:\G400\Individual project\OBDD-Visualization
[debug]       Load.loadUnit: mkEval took 0.2048ms
[debug] [Loading] Found root project root w/ remaining 
[debug] deducing auto plugins based on known facts Set(Atom(sbt.plugins.CorePlugin)) and clauses Clauses(Clause(Atom(sbt.plugins.JvmPlugin),Set(Atom(sbt.plugins.IvyPlugin)))
[debug] Clause(Atom(sbt.ScriptedPlugin),Set(Atom(sbt.plugins.JvmPlugin)))
[debug] Clause(Atom(sbt.plugins.SbtPlugin),Set(Atom(sbt.ScriptedPlugin)))
[debug] Clause(Atom(sbt.plugins.SemanticdbPlugin),Set(Atom(sbt.plugins.JvmPlugin)))
[debug] Clause(Atom(sbt.plugins.JUnitXmlReportPlugin),Set(Atom(sbt.plugins.JvmPlugin)))
[debug] Clause(Atom(sbt.plugins.MiniDependencyTreePlugin),Set(Atom(sbt.plugins.JvmPlugin)))
[debug] Clause(Atom(org.jetbrains.sbt.GenerateAllManagedSourcesPlugin),Set(Atom(sbt.plugins.JvmPlugin)))
[debug] Clause(Atom(org.jetbrains.sbt.StructurePlugin),Set(Atom(sbt.plugins.JvmPlugin)))
[debug] Clause(Atom(org.jetbrains.sbt.IdeaShellPlugin),Set(Atom(sbt.plugins.JvmPlugin)))
[debug] Clause(Atom(sbt.plugins.CorePlugin),Set(Atom(sbt.plugins.IvyPlugin)))
[debug] Clause(Atom(sbt.plugins.IvyPlugin),Set(Atom(sbt.plugins.JvmPlugin)))
[debug] Clause(Atom(sbt.plugins.JvmPlugin),Set(Atom(sbt.plugins.SemanticdbPlugin)))
[debug] Clause(Atom(sbt.plugins.JvmPlugin),Set(Atom(sbt.plugins.JUnitXmlReportPlugin)))
[debug] Clause(Atom(sbt.plugins.CorePlugin),Set(Atom(sbt.plugins.Giter8TemplatePlugin)))
[debug] Clause(Atom(sbt.plugins.JvmPlugin),Set(Atom(sbt.plugins.MiniDependencyTreePlugin)))
[debug] Clause(Atom(sbt.plugins.JvmPlugin),Set(Atom(org.jetbrains.sbt.GenerateAllManagedSourcesPlugin)))
[debug] Clause(Atom(sbt.plugins.JvmPlugin),Set(Atom(org.jetbrains.sbt.StructurePlugin)))
[debug] Clause(Atom(sbt.plugins.JvmPlugin),Set(Atom(org.jetbrains.sbt.IdeaShellPlugin))))
[debug]   :: deduced result: Matched(sbt.plugins.CorePlugin,sbt.plugins.Giter8TemplatePlugin,sbt.plugins.IvyPlugin,sbt.plugins.JvmPlugin,org.jetbrains.sbt.GenerateAllManagedSourcesPlugin,sbt.plugins.SemanticdbPlugin,sbt.plugins.JUnitXmlReportPlugin,org.jetbrains.sbt.IdeaShellPlugin,org.jetbrains.sbt.StructurePlugin,sbt.plugins.MiniDependencyTreePlugin)
[debug] Plugins.deducer#function took 1.7843 ms
[info] loading settings for project root from build.sbt ...
[debug]         Load.resolveProject(root) took 18.0865ms
[debug]       Load.loadTransitive: finalizeProject(Project(id root, base: C:\G400\Individual project\OBDD-Visualization, plugins: List(<none>))) took 20.5114ms
[debug] [Loading] Done in C:\G400\Individual project\OBDD-Visualization, returning: (root)
[debug]     Load.loadUnit: loadedProjectsRaw took 89.3792ms
[debug]     Load.loadUnit: cleanEvalClasses took 7.1884ms
[debug]   Load.loadUnit(file:/C:/G400/Individual%20project/OBDD-Visualization/, ...) took 421.5397ms
[debug] Load.apply: load took 423.1893ms
[debug] Load.apply: resolveProjects took 0.1227ms
[debug] Load.apply: finalTransforms took 15.5041ms
[debug] Load.apply: config.delegates took 0.2138ms
[debug] Load.apply: Def.make(settings)... took 49.4981ms
[debug] Load.apply: structureIndex took 12.9514ms
[debug] Load.apply: mkStreams took 0.0017ms
[info] set current project to obdd-backend (in build file:/C:/G400/Individual%20project/OBDD-Visualization/)
[debug] > Exec(sbtPopOnFailure, None, None)
[debug] > Exec(resumeFromFailure, None, None)
[debug] > Exec(notifyUsersAboutShell, None, None)
[debug] > Exec(iflast shell, None, None)
[debug] > Exec(idea-shell, None, None)
